<?xml version="1.0" encoding="UTF-8"?>
<testsuite xmlns:xsi="http://www.w3.org/2001/XMLSchema-instance" xsi:noNamespaceSchemaLocation="https://maven.apache.org/surefire/maven-surefire-plugin/xsd/surefire-test-report-3.0.xsd" version="3.0" name="com.radicu.ruleengine.RuleengineApplicationTests" time="3.899" tests="1" errors="0" skipped="0" failures="0">
  <properties>
    <property name="java.specification.version" value="17"/>
    <property name="sun.cpu.isalist" value="amd64"/>
    <property name="sun.jnu.encoding" value="Cp1252"/>
    <property name="java.class.path" value="E:\radika\MTS\Experiment\Edge_AI\Drools_App\target\test-classes;E:\radika\MTS\Experiment\Edge_AI\Drools_App\target\classes;C:\Users\radik\.m2\repository\org\springframework\boot\spring-boot-starter-web\3.1.2\spring-boot-starter-web-3.1.2.jar;C:\Users\radik\.m2\repository\org\springframework\boot\spring-boot-starter\3.1.2\spring-boot-starter-3.1.2.jar;C:\Users\radik\.m2\repository\org\springframework\boot\spring-boot\3.1.2\spring-boot-3.1.2.jar;C:\Users\radik\.m2\repository\org\springframework\boot\spring-boot-autoconfigure\3.1.2\spring-boot-autoconfigure-3.1.2.jar;C:\Users\radik\.m2\repository\org\springframework\boot\spring-boot-starter-logging\3.1.2\spring-boot-starter-logging-3.1.2.jar;C:\Users\radik\.m2\repository\ch\qos\logback\logback-classic\1.4.8\logback-classic-1.4.8.jar;C:\Users\radik\.m2\repository\ch\qos\logback\logback-core\1.4.8\logback-core-1.4.8.jar;C:\Users\radik\.m2\repository\org\apache\logging\log4j\log4j-to-slf4j\2.20.0\log4j-to-slf4j-2.20.0.jar;C:\Users\radik\.m2\repository\org\slf4j\jul-to-slf4j\2.0.7\jul-to-slf4j-2.0.7.jar;C:\Users\radik\.m2\repository\jakarta\annotation\jakarta.annotation-api\2.1.1\jakarta.annotation-api-2.1.1.jar;C:\Users\radik\.m2\repository\org\yaml\snakeyaml\1.33\snakeyaml-1.33.jar;C:\Users\radik\.m2\repository\org\springframework\boot\spring-boot-starter-json\3.1.2\spring-boot-starter-json-3.1.2.jar;C:\Users\radik\.m2\repository\com\fasterxml\jackson\datatype\jackson-datatype-jdk8\2.15.2\jackson-datatype-jdk8-2.15.2.jar;C:\Users\radik\.m2\repository\com\fasterxml\jackson\datatype\jackson-datatype-jsr310\2.15.2\jackson-datatype-jsr310-2.15.2.jar;C:\Users\radik\.m2\repository\com\fasterxml\jackson\module\jackson-module-parameter-names\2.15.2\jackson-module-parameter-names-2.15.2.jar;C:\Users\radik\.m2\repository\org\springframework\boot\spring-boot-starter-tomcat\3.1.2\spring-boot-starter-tomcat-3.1.2.jar;C:\Users\radik\.m2\repository\org\apache\tomcat\embed\tomcat-embed-core\10.1.11\tomcat-embed-core-10.1.11.jar;C:\Users\radik\.m2\repository\org\apache\tomcat\embed\tomcat-embed-el\10.1.11\tomcat-embed-el-10.1.11.jar;C:\Users\radik\.m2\repository\org\apache\tomcat\embed\tomcat-embed-websocket\10.1.11\tomcat-embed-websocket-10.1.11.jar;C:\Users\radik\.m2\repository\org\springframework\spring-web\6.0.11\spring-web-6.0.11.jar;C:\Users\radik\.m2\repository\org\springframework\spring-beans\6.0.11\spring-beans-6.0.11.jar;C:\Users\radik\.m2\repository\io\micrometer\micrometer-observation\1.11.2\micrometer-observation-1.11.2.jar;C:\Users\radik\.m2\repository\io\micrometer\micrometer-commons\1.11.2\micrometer-commons-1.11.2.jar;C:\Users\radik\.m2\repository\org\springframework\spring-webmvc\6.0.11\spring-webmvc-6.0.11.jar;C:\Users\radik\.m2\repository\org\springframework\spring-aop\6.0.11\spring-aop-6.0.11.jar;C:\Users\radik\.m2\repository\org\springframework\spring-context\6.0.11\spring-context-6.0.11.jar;C:\Users\radik\.m2\repository\org\springframework\spring-expression\6.0.11\spring-expression-6.0.11.jar;C:\Users\radik\.m2\repository\org\projectlombok\lombok\1.18.28\lombok-1.18.28.jar;C:\Users\radik\.m2\repository\org\drools\drools-mvel\8.42.0.Final\drools-mvel-8.42.0.Final.jar;C:\Users\radik\.m2\repository\org\mvel\mvel2\2.5.0.Final\mvel2-2.5.0.Final.jar;C:\Users\radik\.m2\repository\org\kie\kie-api\8.42.0.Final\kie-api-8.42.0.Final.jar;C:\Users\radik\.m2\repository\org\kie\kie-internal\8.42.0.Final\kie-internal-8.42.0.Final.jar;C:\Users\radik\.m2\repository\org\drools\drools-wiring-dynamic\8.42.0.Final\drools-wiring-dynamic-8.42.0.Final.jar;C:\Users\radik\.m2\repository\org\slf4j\slf4j-api\2.0.7\slf4j-api-2.0.7.jar;C:\Users\radik\.m2\repository\org\drools\drools-core\8.42.0.Final\drools-core-8.42.0.Final.jar;C:\Users\radik\.m2\repository\org\kie\kie-util-xml\8.42.0.Final\kie-util-xml-8.42.0.Final.jar;C:\Users\radik\.m2\repository\org\drools\drools-wiring-api\8.42.0.Final\drools-wiring-api-8.42.0.Final.jar;C:\Users\radik\.m2\repository\org\drools\drools-base\8.42.0.Final\drools-base-8.42.0.Final.jar;C:\Users\radik\.m2\repository\org\drools\drools-util\8.42.0.Final\drools-util-8.42.0.Final.jar;C:\Users\radik\.m2\repository\org\drools\drools-wiring-static\8.42.0.Final\drools-wiring-static-8.42.0.Final.jar;C:\Users\radik\.m2\repository\org\drools\drools-io\8.42.0.Final\drools-io-8.42.0.Final.jar;C:\Users\radik\.m2\repository\commons-codec\commons-codec\1.15\commons-codec-1.15.jar;C:\Users\radik\.m2\repository\org\drools\drools-compiler\8.42.0.Final\drools-compiler-8.42.0.Final.jar;C:\Users\radik\.m2\repository\org\drools\drools-drl-parser\8.42.0.Final\drools-drl-parser-8.42.0.Final.jar;C:\Users\radik\.m2\repository\org\drools\drools-drl-extensions\8.42.0.Final\drools-drl-extensions-8.42.0.Final.jar;C:\Users\radik\.m2\repository\org\drools\drools-drl-ast\8.42.0.Final\drools-drl-ast-8.42.0.Final.jar;C:\Users\radik\.m2\repository\org\drools\drools-kiesession\8.42.0.Final\drools-kiesession-8.42.0.Final.jar;C:\Users\radik\.m2\repository\org\kie\kie-memory-compiler\8.42.0.Final\kie-memory-compiler-8.42.0.Final.jar;C:\Users\radik\.m2\repository\org\drools\drools-ecj\8.42.0.Final\drools-ecj-8.42.0.Final.jar;C:\Users\radik\.m2\repository\org\eclipse\jdt\ecj\3.33.0\ecj-3.33.0.jar;C:\Users\radik\.m2\repository\org\kie\kie-util-maven-support\8.42.0.Final\kie-util-maven-support-8.42.0.Final.jar;C:\Users\radik\.m2\repository\org\antlr\antlr-runtime\3.5.2\antlr-runtime-3.5.2.jar;C:\Users\radik\.m2\repository\org\drools\drools-decisiontables\8.42.0.Final\drools-decisiontables-8.42.0.Final.jar;C:\Users\radik\.m2\repository\org\drools\drools-templates\8.42.0.Final\drools-templates-8.42.0.Final.jar;C:\Users\radik\.m2\repository\org\apache\poi\poi-ooxml\5.1.0\poi-ooxml-5.1.0.jar;C:\Users\radik\.m2\repository\org\apache\poi\poi-ooxml-lite\5.1.0\poi-ooxml-lite-5.1.0.jar;C:\Users\radik\.m2\repository\org\apache\xmlbeans\xmlbeans\5.0.2\xmlbeans-5.0.2.jar;C:\Users\radik\.m2\repository\org\apache\commons\commons-compress\1.21\commons-compress-1.21.jar;C:\Users\radik\.m2\repository\commons-io\commons-io\2.11.0\commons-io-2.11.0.jar;C:\Users\radik\.m2\repository\com\github\virtuald\curvesapi\1.06\curvesapi-1.06.jar;C:\Users\radik\.m2\repository\org\apache\logging\log4j\log4j-api\2.20.0\log4j-api-2.20.0.jar;C:\Users\radik\.m2\repository\org\apache\commons\commons-collections4\4.4\commons-collections4-4.4.jar;C:\Users\radik\.m2\repository\org\apache\poi\poi\5.1.0\poi-5.1.0.jar;C:\Users\radik\.m2\repository\org\apache\commons\commons-math3\3.6.1\commons-math3-3.6.1.jar;C:\Users\radik\.m2\repository\com\zaxxer\SparseBitSet\1.2\SparseBitSet-1.2.jar;C:\Users\radik\.m2\repository\org\springframework\boot\spring-boot-starter-test\3.1.2\spring-boot-starter-test-3.1.2.jar;C:\Users\radik\.m2\repository\org\springframework\boot\spring-boot-test\3.1.2\spring-boot-test-3.1.2.jar;C:\Users\radik\.m2\repository\org\springframework\boot\spring-boot-test-autoconfigure\3.1.2\spring-boot-test-autoconfigure-3.1.2.jar;C:\Users\radik\.m2\repository\com\jayway\jsonpath\json-path\2.8.0\json-path-2.8.0.jar;C:\Users\radik\.m2\repository\jakarta\xml\bind\jakarta.xml.bind-api\4.0.0\jakarta.xml.bind-api-4.0.0.jar;C:\Users\radik\.m2\repository\jakarta\activation\jakarta.activation-api\2.1.2\jakarta.activation-api-2.1.2.jar;C:\Users\radik\.m2\repository\net\minidev\json-smart\2.4.11\json-smart-2.4.11.jar;C:\Users\radik\.m2\repository\net\minidev\accessors-smart\2.4.11\accessors-smart-2.4.11.jar;C:\Users\radik\.m2\repository\org\ow2\asm\asm\9.3\asm-9.3.jar;C:\Users\radik\.m2\repository\org\assertj\assertj-core\3.24.2\assertj-core-3.24.2.jar;C:\Users\radik\.m2\repository\net\bytebuddy\byte-buddy\1.14.5\byte-buddy-1.14.5.jar;C:\Users\radik\.m2\repository\org\hamcrest\hamcrest\2.2\hamcrest-2.2.jar;C:\Users\radik\.m2\repository\org\junit\jupiter\junit-jupiter\5.9.3\junit-jupiter-5.9.3.jar;C:\Users\radik\.m2\repository\org\junit\jupiter\junit-jupiter-api\5.9.3\junit-jupiter-api-5.9.3.jar;C:\Users\radik\.m2\repository\org\opentest4j\opentest4j\1.2.0\opentest4j-1.2.0.jar;C:\Users\radik\.m2\repository\org\junit\platform\junit-platform-commons\1.9.3\junit-platform-commons-1.9.3.jar;C:\Users\radik\.m2\repository\org\apiguardian\apiguardian-api\1.1.2\apiguardian-api-1.1.2.jar;C:\Users\radik\.m2\repository\org\junit\jupiter\junit-jupiter-params\5.9.3\junit-jupiter-params-5.9.3.jar;C:\Users\radik\.m2\repository\org\junit\jupiter\junit-jupiter-engine\5.9.3\junit-jupiter-engine-5.9.3.jar;C:\Users\radik\.m2\repository\org\junit\platform\junit-platform-engine\1.9.3\junit-platform-engine-1.9.3.jar;C:\Users\radik\.m2\repository\org\mockito\mockito-core\5.3.1\mockito-core-5.3.1.jar;C:\Users\radik\.m2\repository\net\bytebuddy\byte-buddy-agent\1.14.5\byte-buddy-agent-1.14.5.jar;C:\Users\radik\.m2\repository\org\objenesis\objenesis\3.3\objenesis-3.3.jar;C:\Users\radik\.m2\repository\org\mockito\mockito-junit-jupiter\5.3.1\mockito-junit-jupiter-5.3.1.jar;C:\Users\radik\.m2\repository\org\skyscreamer\jsonassert\1.5.1\jsonassert-1.5.1.jar;C:\Users\radik\.m2\repository\com\vaadin\external\google\android-json\0.0.20131108.vaadin1\android-json-0.0.20131108.vaadin1.jar;C:\Users\radik\.m2\repository\org\springframework\spring-core\6.0.11\spring-core-6.0.11.jar;C:\Users\radik\.m2\repository\org\springframework\spring-jcl\6.0.11\spring-jcl-6.0.11.jar;C:\Users\radik\.m2\repository\org\springframework\spring-test\6.0.11\spring-test-6.0.11.jar;C:\Users\radik\.m2\repository\org\xmlunit\xmlunit-core\2.9.1\xmlunit-core-2.9.1.jar;C:\Users\radik\.m2\repository\org\apache\jena\jena-rdfpatch\4.10.0\jena-rdfpatch-4.10.0.jar;C:\Users\radik\.m2\repository\org\apache\jena\jena-shacl\4.10.0\jena-shacl-4.10.0.jar;C:\Users\radik\.m2\repository\org\apache\jena\jena-shex\4.10.0\jena-shex-4.10.0.jar;C:\Users\radik\.m2\repository\org\apache\jena\jena-tdb\4.10.0\jena-tdb-4.10.0.jar;C:\Users\radik\.m2\repository\org\apache\jena\jena-tdb2\4.10.0\jena-tdb2-4.10.0.jar;C:\Users\radik\.m2\repository\org\apache\jena\jena-dboe-storage\4.10.0\jena-dboe-storage-4.10.0.jar;C:\Users\radik\.m2\repository\org\apache\jena\jena-dboe-trans-data\4.10.0\jena-dboe-trans-data-4.10.0.jar;C:\Users\radik\.m2\repository\org\apache\jena\jena-dboe-transaction\4.10.0\jena-dboe-transaction-4.10.0.jar;C:\Users\radik\.m2\repository\org\apache\jena\jena-dboe-base\4.10.0\jena-dboe-base-4.10.0.jar;C:\Users\radik\.m2\repository\org\apache\jena\jena-dboe-index\4.10.0\jena-dboe-index-4.10.0.jar;C:\Users\radik\.m2\repository\org\apache\jena\jena-rdfconnection\4.10.0\jena-rdfconnection-4.10.0.jar;C:\Users\radik\.m2\repository\org\apache\jena\jena-arq\4.10.0\jena-arq-4.10.0.jar;C:\Users\radik\.m2\repository\org\apache\jena\jena-core\4.10.0\jena-core-4.10.0.jar;C:\Users\radik\.m2\repository\org\apache\jena\jena-base\4.10.0\jena-base-4.10.0.jar;C:\Users\radik\.m2\repository\org\apache\commons\commons-csv\1.10.0\commons-csv-1.10.0.jar;C:\Users\radik\.m2\repository\com\github\ben-manes\caffeine\caffeine\3.1.6\caffeine-3.1.6.jar;C:\Users\radik\.m2\repository\org\checkerframework\checker-qual\3.33.0\checker-qual-3.33.0.jar;C:\Users\radik\.m2\repository\com\google\errorprone\error_prone_annotations\2.18.0\error_prone_annotations-2.18.0.jar;C:\Users\radik\.m2\repository\com\github\andrewoma\dexx\collection\0.7\collection-0.7.jar;C:\Users\radik\.m2\repository\org\apache\jena\jena-iri\4.10.0\jena-iri-4.10.0.jar;C:\Users\radik\.m2\repository\commons-cli\commons-cli\1.5.0\commons-cli-1.5.0.jar;C:\Users\radik\.m2\repository\org\roaringbitmap\RoaringBitmap\1.0.0\RoaringBitmap-1.0.0.jar;C:\Users\radik\.m2\repository\com\github\jsonld-java\jsonld-java\0.13.4\jsonld-java-0.13.4.jar;C:\Users\radik\.m2\repository\com\google\code\gson\gson\2.10.1\gson-2.10.1.jar;C:\Users\radik\.m2\repository\org\apache\httpcomponents\httpclient-cache\4.5.14\httpclient-cache-4.5.14.jar;C:\Users\radik\.m2\repository\org\apache\httpcomponents\httpclient\4.5.14\httpclient-4.5.14.jar;C:\Users\radik\.m2\repository\org\apache\httpcomponents\httpcore\4.4.16\httpcore-4.4.16.jar;C:\Users\radik\.m2\repository\org\slf4j\jcl-over-slf4j\2.0.7\jcl-over-slf4j-2.0.7.jar;C:\Users\radik\.m2\repository\com\fasterxml\jackson\core\jackson-core\2.15.2\jackson-core-2.15.2.jar;C:\Users\radik\.m2\repository\com\fasterxml\jackson\core\jackson-databind\2.15.2\jackson-databind-2.15.2.jar;C:\Users\radik\.m2\repository\com\fasterxml\jackson\core\jackson-annotations\2.15.2\jackson-annotations-2.15.2.jar;C:\Users\radik\.m2\repository\com\apicatalog\titanium-json-ld\1.3.2\titanium-json-ld-1.3.2.jar;C:\Users\radik\.m2\repository\org\glassfish\jakarta.json\2.0.1\jakarta.json-2.0.1.jar;C:\Users\radik\.m2\repository\com\google\protobuf\protobuf-java\3.24.3\protobuf-java-3.24.3.jar;C:\Users\radik\.m2\repository\org\apache\thrift\libthrift\0.19.0\libthrift-0.19.0.jar;C:\Users\radik\.m2\repository\org\apache\commons\commons-lang3\3.12.0\commons-lang3-3.12.0.jar;C:\Users\radik\.m2\repository\org\freemarker\freemarker\2.3.32\freemarker-2.3.32.jar;"/>
    <property name="java.vm.vendor" value="Oracle Corporation"/>
    <property name="sun.arch.data.model" value="64"/>
    <property name="user.variant" value=""/>
    <property name="java.vendor.url" value="https://java.oracle.com/"/>
    <property name="user.timezone" value="Asia/Taipei"/>
    <property name="os.name" value="Windows 11"/>
    <property name="java.vm.specification.version" value="17"/>
    <property name="sun.java.launcher" value="SUN_STANDARD"/>
    <property name="user.country" value="US"/>
    <property name="sun.boot.library.path" value="C:\Program Files\Java\jdk-17\bin"/>
    <property name="sun.java.command" value="C:\Users\radik\AppData\Local\Temp\surefire12572793207608361247\surefirebooter-20250613113544527_3.jar C:\Users\radik\AppData\Local\Temp\surefire12572793207608361247 2025-06-13T11-35-44_340-jvmRun1 surefire-20250613113544527_1tmp surefire_0-20250613113544527_2tmp"/>
    <property name="jdk.debug" value="release"/>
    <property name="surefire.test.class.path" value="E:\radika\MTS\Experiment\Edge_AI\Drools_App\target\test-classes;E:\radika\MTS\Experiment\Edge_AI\Drools_App\target\classes;C:\Users\radik\.m2\repository\org\springframework\boot\spring-boot-starter-web\3.1.2\spring-boot-starter-web-3.1.2.jar;C:\Users\radik\.m2\repository\org\springframework\boot\spring-boot-starter\3.1.2\spring-boot-starter-3.1.2.jar;C:\Users\radik\.m2\repository\org\springframework\boot\spring-boot\3.1.2\spring-boot-3.1.2.jar;C:\Users\radik\.m2\repository\org\springframework\boot\spring-boot-autoconfigure\3.1.2\spring-boot-autoconfigure-3.1.2.jar;C:\Users\radik\.m2\repository\org\springframework\boot\spring-boot-starter-logging\3.1.2\spring-boot-starter-logging-3.1.2.jar;C:\Users\radik\.m2\repository\ch\qos\logback\logback-classic\1.4.8\logback-classic-1.4.8.jar;C:\Users\radik\.m2\repository\ch\qos\logback\logback-core\1.4.8\logback-core-1.4.8.jar;C:\Users\radik\.m2\repository\org\apache\logging\log4j\log4j-to-slf4j\2.20.0\log4j-to-slf4j-2.20.0.jar;C:\Users\radik\.m2\repository\org\slf4j\jul-to-slf4j\2.0.7\jul-to-slf4j-2.0.7.jar;C:\Users\radik\.m2\repository\jakarta\annotation\jakarta.annotation-api\2.1.1\jakarta.annotation-api-2.1.1.jar;C:\Users\radik\.m2\repository\org\yaml\snakeyaml\1.33\snakeyaml-1.33.jar;C:\Users\radik\.m2\repository\org\springframework\boot\spring-boot-starter-json\3.1.2\spring-boot-starter-json-3.1.2.jar;C:\Users\radik\.m2\repository\com\fasterxml\jackson\datatype\jackson-datatype-jdk8\2.15.2\jackson-datatype-jdk8-2.15.2.jar;C:\Users\radik\.m2\repository\com\fasterxml\jackson\datatype\jackson-datatype-jsr310\2.15.2\jackson-datatype-jsr310-2.15.2.jar;C:\Users\radik\.m2\repository\com\fasterxml\jackson\module\jackson-module-parameter-names\2.15.2\jackson-module-parameter-names-2.15.2.jar;C:\Users\radik\.m2\repository\org\springframework\boot\spring-boot-starter-tomcat\3.1.2\spring-boot-starter-tomcat-3.1.2.jar;C:\Users\radik\.m2\repository\org\apache\tomcat\embed\tomcat-embed-core\10.1.11\tomcat-embed-core-10.1.11.jar;C:\Users\radik\.m2\repository\org\apache\tomcat\embed\tomcat-embed-el\10.1.11\tomcat-embed-el-10.1.11.jar;C:\Users\radik\.m2\repository\org\apache\tomcat\embed\tomcat-embed-websocket\10.1.11\tomcat-embed-websocket-10.1.11.jar;C:\Users\radik\.m2\repository\org\springframework\spring-web\6.0.11\spring-web-6.0.11.jar;C:\Users\radik\.m2\repository\org\springframework\spring-beans\6.0.11\spring-beans-6.0.11.jar;C:\Users\radik\.m2\repository\io\micrometer\micrometer-observation\1.11.2\micrometer-observation-1.11.2.jar;C:\Users\radik\.m2\repository\io\micrometer\micrometer-commons\1.11.2\micrometer-commons-1.11.2.jar;C:\Users\radik\.m2\repository\org\springframework\spring-webmvc\6.0.11\spring-webmvc-6.0.11.jar;C:\Users\radik\.m2\repository\org\springframework\spring-aop\6.0.11\spring-aop-6.0.11.jar;C:\Users\radik\.m2\repository\org\springframework\spring-context\6.0.11\spring-context-6.0.11.jar;C:\Users\radik\.m2\repository\org\springframework\spring-expression\6.0.11\spring-expression-6.0.11.jar;C:\Users\radik\.m2\repository\org\projectlombok\lombok\1.18.28\lombok-1.18.28.jar;C:\Users\radik\.m2\repository\org\drools\drools-mvel\8.42.0.Final\drools-mvel-8.42.0.Final.jar;C:\Users\radik\.m2\repository\org\mvel\mvel2\2.5.0.Final\mvel2-2.5.0.Final.jar;C:\Users\radik\.m2\repository\org\kie\kie-api\8.42.0.Final\kie-api-8.42.0.Final.jar;C:\Users\radik\.m2\repository\org\kie\kie-internal\8.42.0.Final\kie-internal-8.42.0.Final.jar;C:\Users\radik\.m2\repository\org\drools\drools-wiring-dynamic\8.42.0.Final\drools-wiring-dynamic-8.42.0.Final.jar;C:\Users\radik\.m2\repository\org\slf4j\slf4j-api\2.0.7\slf4j-api-2.0.7.jar;C:\Users\radik\.m2\repository\org\drools\drools-core\8.42.0.Final\drools-core-8.42.0.Final.jar;C:\Users\radik\.m2\repository\org\kie\kie-util-xml\8.42.0.Final\kie-util-xml-8.42.0.Final.jar;C:\Users\radik\.m2\repository\org\drools\drools-wiring-api\8.42.0.Final\drools-wiring-api-8.42.0.Final.jar;C:\Users\radik\.m2\repository\org\drools\drools-base\8.42.0.Final\drools-base-8.42.0.Final.jar;C:\Users\radik\.m2\repository\org\drools\drools-util\8.42.0.Final\drools-util-8.42.0.Final.jar;C:\Users\radik\.m2\repository\org\drools\drools-wiring-static\8.42.0.Final\drools-wiring-static-8.42.0.Final.jar;C:\Users\radik\.m2\repository\org\drools\drools-io\8.42.0.Final\drools-io-8.42.0.Final.jar;C:\Users\radik\.m2\repository\commons-codec\commons-codec\1.15\commons-codec-1.15.jar;C:\Users\radik\.m2\repository\org\drools\drools-compiler\8.42.0.Final\drools-compiler-8.42.0.Final.jar;C:\Users\radik\.m2\repository\org\drools\drools-drl-parser\8.42.0.Final\drools-drl-parser-8.42.0.Final.jar;C:\Users\radik\.m2\repository\org\drools\drools-drl-extensions\8.42.0.Final\drools-drl-extensions-8.42.0.Final.jar;C:\Users\radik\.m2\repository\org\drools\drools-drl-ast\8.42.0.Final\drools-drl-ast-8.42.0.Final.jar;C:\Users\radik\.m2\repository\org\drools\drools-kiesession\8.42.0.Final\drools-kiesession-8.42.0.Final.jar;C:\Users\radik\.m2\repository\org\kie\kie-memory-compiler\8.42.0.Final\kie-memory-compiler-8.42.0.Final.jar;C:\Users\radik\.m2\repository\org\drools\drools-ecj\8.42.0.Final\drools-ecj-8.42.0.Final.jar;C:\Users\radik\.m2\repository\org\eclipse\jdt\ecj\3.33.0\ecj-3.33.0.jar;C:\Users\radik\.m2\repository\org\kie\kie-util-maven-support\8.42.0.Final\kie-util-maven-support-8.42.0.Final.jar;C:\Users\radik\.m2\repository\org\antlr\antlr-runtime\3.5.2\antlr-runtime-3.5.2.jar;C:\Users\radik\.m2\repository\org\drools\drools-decisiontables\8.42.0.Final\drools-decisiontables-8.42.0.Final.jar;C:\Users\radik\.m2\repository\org\drools\drools-templates\8.42.0.Final\drools-templates-8.42.0.Final.jar;C:\Users\radik\.m2\repository\org\apache\poi\poi-ooxml\5.1.0\poi-ooxml-5.1.0.jar;C:\Users\radik\.m2\repository\org\apache\poi\poi-ooxml-lite\5.1.0\poi-ooxml-lite-5.1.0.jar;C:\Users\radik\.m2\repository\org\apache\xmlbeans\xmlbeans\5.0.2\xmlbeans-5.0.2.jar;C:\Users\radik\.m2\repository\org\apache\commons\commons-compress\1.21\commons-compress-1.21.jar;C:\Users\radik\.m2\repository\commons-io\commons-io\2.11.0\commons-io-2.11.0.jar;C:\Users\radik\.m2\repository\com\github\virtuald\curvesapi\1.06\curvesapi-1.06.jar;C:\Users\radik\.m2\repository\org\apache\logging\log4j\log4j-api\2.20.0\log4j-api-2.20.0.jar;C:\Users\radik\.m2\repository\org\apache\commons\commons-collections4\4.4\commons-collections4-4.4.jar;C:\Users\radik\.m2\repository\org\apache\poi\poi\5.1.0\poi-5.1.0.jar;C:\Users\radik\.m2\repository\org\apache\commons\commons-math3\3.6.1\commons-math3-3.6.1.jar;C:\Users\radik\.m2\repository\com\zaxxer\SparseBitSet\1.2\SparseBitSet-1.2.jar;C:\Users\radik\.m2\repository\org\springframework\boot\spring-boot-starter-test\3.1.2\spring-boot-starter-test-3.1.2.jar;C:\Users\radik\.m2\repository\org\springframework\boot\spring-boot-test\3.1.2\spring-boot-test-3.1.2.jar;C:\Users\radik\.m2\repository\org\springframework\boot\spring-boot-test-autoconfigure\3.1.2\spring-boot-test-autoconfigure-3.1.2.jar;C:\Users\radik\.m2\repository\com\jayway\jsonpath\json-path\2.8.0\json-path-2.8.0.jar;C:\Users\radik\.m2\repository\jakarta\xml\bind\jakarta.xml.bind-api\4.0.0\jakarta.xml.bind-api-4.0.0.jar;C:\Users\radik\.m2\repository\jakarta\activation\jakarta.activation-api\2.1.2\jakarta.activation-api-2.1.2.jar;C:\Users\radik\.m2\repository\net\minidev\json-smart\2.4.11\json-smart-2.4.11.jar;C:\Users\radik\.m2\repository\net\minidev\accessors-smart\2.4.11\accessors-smart-2.4.11.jar;C:\Users\radik\.m2\repository\org\ow2\asm\asm\9.3\asm-9.3.jar;C:\Users\radik\.m2\repository\org\assertj\assertj-core\3.24.2\assertj-core-3.24.2.jar;C:\Users\radik\.m2\repository\net\bytebuddy\byte-buddy\1.14.5\byte-buddy-1.14.5.jar;C:\Users\radik\.m2\repository\org\hamcrest\hamcrest\2.2\hamcrest-2.2.jar;C:\Users\radik\.m2\repository\org\junit\jupiter\junit-jupiter\5.9.3\junit-jupiter-5.9.3.jar;C:\Users\radik\.m2\repository\org\junit\jupiter\junit-jupiter-api\5.9.3\junit-jupiter-api-5.9.3.jar;C:\Users\radik\.m2\repository\org\opentest4j\opentest4j\1.2.0\opentest4j-1.2.0.jar;C:\Users\radik\.m2\repository\org\junit\platform\junit-platform-commons\1.9.3\junit-platform-commons-1.9.3.jar;C:\Users\radik\.m2\repository\org\apiguardian\apiguardian-api\1.1.2\apiguardian-api-1.1.2.jar;C:\Users\radik\.m2\repository\org\junit\jupiter\junit-jupiter-params\5.9.3\junit-jupiter-params-5.9.3.jar;C:\Users\radik\.m2\repository\org\junit\jupiter\junit-jupiter-engine\5.9.3\junit-jupiter-engine-5.9.3.jar;C:\Users\radik\.m2\repository\org\junit\platform\junit-platform-engine\1.9.3\junit-platform-engine-1.9.3.jar;C:\Users\radik\.m2\repository\org\mockito\mockito-core\5.3.1\mockito-core-5.3.1.jar;C:\Users\radik\.m2\repository\net\bytebuddy\byte-buddy-agent\1.14.5\byte-buddy-agent-1.14.5.jar;C:\Users\radik\.m2\repository\org\objenesis\objenesis\3.3\objenesis-3.3.jar;C:\Users\radik\.m2\repository\org\mockito\mockito-junit-jupiter\5.3.1\mockito-junit-jupiter-5.3.1.jar;C:\Users\radik\.m2\repository\org\skyscreamer\jsonassert\1.5.1\jsonassert-1.5.1.jar;C:\Users\radik\.m2\repository\com\vaadin\external\google\android-json\0.0.20131108.vaadin1\android-json-0.0.20131108.vaadin1.jar;C:\Users\radik\.m2\repository\org\springframework\spring-core\6.0.11\spring-core-6.0.11.jar;C:\Users\radik\.m2\repository\org\springframework\spring-jcl\6.0.11\spring-jcl-6.0.11.jar;C:\Users\radik\.m2\repository\org\springframework\spring-test\6.0.11\spring-test-6.0.11.jar;C:\Users\radik\.m2\repository\org\xmlunit\xmlunit-core\2.9.1\xmlunit-core-2.9.1.jar;C:\Users\radik\.m2\repository\org\apache\jena\jena-rdfpatch\4.10.0\jena-rdfpatch-4.10.0.jar;C:\Users\radik\.m2\repository\org\apache\jena\jena-shacl\4.10.0\jena-shacl-4.10.0.jar;C:\Users\radik\.m2\repository\org\apache\jena\jena-shex\4.10.0\jena-shex-4.10.0.jar;C:\Users\radik\.m2\repository\org\apache\jena\jena-tdb\4.10.0\jena-tdb-4.10.0.jar;C:\Users\radik\.m2\repository\org\apache\jena\jena-tdb2\4.10.0\jena-tdb2-4.10.0.jar;C:\Users\radik\.m2\repository\org\apache\jena\jena-dboe-storage\4.10.0\jena-dboe-storage-4.10.0.jar;C:\Users\radik\.m2\repository\org\apache\jena\jena-dboe-trans-data\4.10.0\jena-dboe-trans-data-4.10.0.jar;C:\Users\radik\.m2\repository\org\apache\jena\jena-dboe-transaction\4.10.0\jena-dboe-transaction-4.10.0.jar;C:\Users\radik\.m2\repository\org\apache\jena\jena-dboe-base\4.10.0\jena-dboe-base-4.10.0.jar;C:\Users\radik\.m2\repository\org\apache\jena\jena-dboe-index\4.10.0\jena-dboe-index-4.10.0.jar;C:\Users\radik\.m2\repository\org\apache\jena\jena-rdfconnection\4.10.0\jena-rdfconnection-4.10.0.jar;C:\Users\radik\.m2\repository\org\apache\jena\jena-arq\4.10.0\jena-arq-4.10.0.jar;C:\Users\radik\.m2\repository\org\apache\jena\jena-core\4.10.0\jena-core-4.10.0.jar;C:\Users\radik\.m2\repository\org\apache\jena\jena-base\4.10.0\jena-base-4.10.0.jar;C:\Users\radik\.m2\repository\org\apache\commons\commons-csv\1.10.0\commons-csv-1.10.0.jar;C:\Users\radik\.m2\repository\com\github\ben-manes\caffeine\caffeine\3.1.6\caffeine-3.1.6.jar;C:\Users\radik\.m2\repository\org\checkerframework\checker-qual\3.33.0\checker-qual-3.33.0.jar;C:\Users\radik\.m2\repository\com\google\errorprone\error_prone_annotations\2.18.0\error_prone_annotations-2.18.0.jar;C:\Users\radik\.m2\repository\com\github\andrewoma\dexx\collection\0.7\collection-0.7.jar;C:\Users\radik\.m2\repository\org\apache\jena\jena-iri\4.10.0\jena-iri-4.10.0.jar;C:\Users\radik\.m2\repository\commons-cli\commons-cli\1.5.0\commons-cli-1.5.0.jar;C:\Users\radik\.m2\repository\org\roaringbitmap\RoaringBitmap\1.0.0\RoaringBitmap-1.0.0.jar;C:\Users\radik\.m2\repository\com\github\jsonld-java\jsonld-java\0.13.4\jsonld-java-0.13.4.jar;C:\Users\radik\.m2\repository\com\google\code\gson\gson\2.10.1\gson-2.10.1.jar;C:\Users\radik\.m2\repository\org\apache\httpcomponents\httpclient-cache\4.5.14\httpclient-cache-4.5.14.jar;C:\Users\radik\.m2\repository\org\apache\httpcomponents\httpclient\4.5.14\httpclient-4.5.14.jar;C:\Users\radik\.m2\repository\org\apache\httpcomponents\httpcore\4.4.16\httpcore-4.4.16.jar;C:\Users\radik\.m2\repository\org\slf4j\jcl-over-slf4j\2.0.7\jcl-over-slf4j-2.0.7.jar;C:\Users\radik\.m2\repository\com\fasterxml\jackson\core\jackson-core\2.15.2\jackson-core-2.15.2.jar;C:\Users\radik\.m2\repository\com\fasterxml\jackson\core\jackson-databind\2.15.2\jackson-databind-2.15.2.jar;C:\Users\radik\.m2\repository\com\fasterxml\jackson\core\jackson-annotations\2.15.2\jackson-annotations-2.15.2.jar;C:\Users\radik\.m2\repository\com\apicatalog\titanium-json-ld\1.3.2\titanium-json-ld-1.3.2.jar;C:\Users\radik\.m2\repository\org\glassfish\jakarta.json\2.0.1\jakarta.json-2.0.1.jar;C:\Users\radik\.m2\repository\com\google\protobuf\protobuf-java\3.24.3\protobuf-java-3.24.3.jar;C:\Users\radik\.m2\repository\org\apache\thrift\libthrift\0.19.0\libthrift-0.19.0.jar;C:\Users\radik\.m2\repository\org\apache\commons\commons-lang3\3.12.0\commons-lang3-3.12.0.jar;C:\Users\radik\.m2\repository\org\freemarker\freemarker\2.3.32\freemarker-2.3.32.jar;"/>
    <property name="sun.cpu.endian" value="little"/>
    <property name="user.home" value="C:\Users\radik"/>
    <property name="user.language" value="en"/>
    <property name="java.specification.vendor" value="Oracle Corporation"/>
    <property name="java.version.date" value="2024-07-16"/>
    <property name="java.home" value="C:\Program Files\Java\jdk-17"/>
    <property name="file.separator" value="\"/>
    <property name="basedir" value="E:\radika\MTS\Experiment\Edge_AI\Drools_App"/>
    <property name="java.vm.compressedOopsMode" value="Zero based"/>
    <property name="line.separator" value="&#10;"/>
    <property name="java.vm.specification.vendor" value="Oracle Corporation"/>
    <property name="java.specification.name" value="Java Platform API Specification"/>
    <property name="FILE_LOG_CHARSET" value="windows-1252"/>
    <property name="java.awt.headless" value="true"/>
    <property name="surefire.real.class.path" value="C:\Users\radik\AppData\Local\Temp\surefire12572793207608361247\surefirebooter-20250613113544527_3.jar"/>
    <property name="user.script" value=""/>
    <property name="sun.management.compiler" value="HotSpot 64-Bit Tiered Compilers"/>
    <property name="java.runtime.version" value="17.0.12+8-LTS-286"/>
    <property name="user.name" value="radik"/>
    <property name="path.separator" value=";"/>
    <property name="os.version" value="10.0"/>
    <property name="java.runtime.name" value="Java(TM) SE Runtime Environment"/>
    <property name="file.encoding" value="Cp1252"/>
    <property name="java.vm.name" value="Java HotSpot(TM) 64-Bit Server VM"/>
    <property name="localRepository" value="C:\Users\radik\.m2\repository"/>
    <property name="java.vendor.url.bug" value="https://bugreport.java.com/bugreport/"/>
    <property name="java.io.tmpdir" value="C:\Users\radik\AppData\Local\Temp\"/>
    <property name="java.version" value="17.0.12"/>
    <property name="user.dir" value="E:\radika\MTS\Experiment\Edge_AI\Drools_App"/>
    <property name="os.arch" value="amd64"/>
    <property name="java.vm.specification.name" value="Java Virtual Machine Specification"/>
    <property name="PID" value="9932"/>
    <property name="sun.os.patch.level" value=""/>
    <property name="CONSOLE_LOG_CHARSET" value="windows-1252"/>
    <property name="native.encoding" value="Cp1252"/>
    <property name="java.library.path" value="C:\Program Files\Java\jdk-17\bin;C:\WINDOWS\Sun\Java\bin;C:\WINDOWS\system32;C:\WINDOWS;C:\Program Files\Common Files\Oracle\Java\javapath;C:\Windows\system32;C:\Windows;C:\Windows\System32\Wbem;C:\Windows\System32\WindowsPowerShell\v1.0\;C:\Windows\System32\OpenSSH\;C:\Program Files (x86)\NVIDIA Corporation\PhysX\Common;C:\Program Files\Go\bin;C:\Program Files\dotnet\;C:\Program Files\Amazon\AWSCLIV2\;C:\Program Files\Docker\Docker\resources\bin;C:\Program Files\Git\cmd;C:\Program Files\doctl\;C:\Program Files\NVIDIA Corporation\NVIDIA NvDLISR;C:\Program Files (x86)\CODESYS\APInstaller\;C:\WINDOWS\system32;C:\WINDOWS;C:\WINDOWS\System32\Wbem;C:\WINDOWS\System32\WindowsPowerShell\v1.0\;C:\WINDOWS\System32\OpenSSH\;C:\Program Files\nodejs\;C:\Program Files (x86)\Graphviz\bin;C:\Program Files\Graphviz\bin;E:\radika\MTS\Software\Protege\Protege-5.6.5-win\Graphviz\bin;E:\radika\MTS\Software\Protege\Protege-5.6.5-win\Protege-5.6.5\Graphviz\bin;C:\Program Files\Java\jdk-17\bin;C:\Program Files\Java\jdk-17;C:\Users\radik\AppData\Local\Microsoft\WindowsApps;C:\Users\radik\go\bin;C:\Users\radik\AppData\Local\Programs\Microsoft VS Code\bin;C:\Users\radik\miniconda3\Library\bin;C:\Windows\System32\doctl-1.110.0-windows-amd64;C:\Users\radik\.dotnet\tools;C:\Users\radik\AppData\Roaming\npm;C:\Program Files (x86)\mingw64\bin;C:\Program Files\Apache\Maven\maven-mvnd-1.0.2-windows-amd64\bin;C:\Program Files\Apache\Maven\apache-maven-3.9.9\bin;C:\Program Files\Java\jdk-17\bin;;c:\Users\radik\.vscode\extensions\ms-python.debugpy-2025.8.0-win32-x64\bundled\scripts\noConfigScripts;."/>
    <property name="java.vm.info" value="mixed mode, sharing"/>
    <property name="java.vendor" value="Oracle Corporation"/>
    <property name="java.vm.version" value="17.0.12+8-LTS-286"/>
    <property name="sun.io.unicode.encoding" value="UnicodeLittle"/>
    <property name="java.class.version" value="61.0"/>
  </properties>
  <testcase name="contextLoads" classname="com.radicu.ruleengine.RuleengineApplicationTests" time="0.897">
    <system-out><![CDATA[11:35:45.288 [main] INFO org.springframework.test.context.support.AnnotationConfigContextLoaderUtils -- Could not detect default configuration classes for test class [com.radicu.ruleengine.RuleengineApplicationTests]: RuleengineApplicationTests does not declare any static, non-private, non-final, nested classes annotated with @Configuration.
11:35:45.374 [main] INFO org.springframework.boot.test.context.SpringBootTestContextBootstrapper -- Found @SpringBootConfiguration com.radicu.ruleengine.RuleengineApplication for test class com.radicu.ruleengine.RuleengineApplicationTests
2025-06-13T11:35:45.791+08:00  INFO 9932 --- [           main] c.r.r.RuleengineApplicationTests         : Starting RuleengineApplicationTests using Java 17.0.12 with PID 9932 (started by radik in E:\radika\MTS\Experiment\Edge_AI\Drools_App)
2025-06-13T11:35:45.794+08:00 DEBUG 9932 --- [           main] c.r.r.RuleengineApplicationTests         : Running with Spring Boot v3.1.2, Spring v6.0.11
2025-06-13T11:35:45.794+08:00  INFO 9932 --- [           main] c.r.r.RuleengineApplicationTests         : No active profile set, falling back to 1 default profile: "default"
2025-06-13T11:35:46.652+08:00 DEBUG 9932 --- [           main] o.d.c.compiler.JavaDialectConfiguration  : Selected compiler ECLIPSE [drools.dialect.java.compiler:null, hasEclipseCompiler:true]
2025-06-13T11:35:46.652+08:00 DEBUG 9932 --- [           main] o.d.c.compiler.JavaDialectConfiguration  : Selected compiler ECLIPSE [drools.dialect.java.compiler:null, hasEclipseCompiler:true]
2025-06-13T11:35:46.682+08:00 DEBUG 9932 --- [           main] o.d.c.compiler.JavaDialectConfiguration  : Selected compiler ECLIPSE [drools.dialect.java.compiler:null, hasEclipseCompiler:true]
2025-06-13T11:35:46.683+08:00 DEBUG 9932 --- [           main] o.d.c.compiler.JavaDialectConfiguration  : Selected compiler ECLIPSE [drools.dialect.java.compiler:null, hasEclipseCompiler:true]
2025-06-13T11:35:46.683+08:00 DEBUG 9932 --- [           main] o.d.c.compiler.JavaDialectConfiguration  : Selected compiler ECLIPSE [drools.dialect.java.compiler:null, hasEclipseCompiler:true]
2025-06-13T11:35:47.324+08:00 DEBUG 9932 --- [           main] o.d.c.k.builder.impl.KieRepositoryImpl   : KieModule was added: MemoryKieModule[releaseId=org.default:artifact:1.0.0]
2025-06-13T11:35:47.325+08:00 DEBUG 9932 --- [           main] o.d.c.k.builder.impl.KieRepositoryImpl   : Cannot load a KieRepositoryScanner, using the DummyKieScanner
2025-06-13T11:35:47.401+08:00 DEBUG 9932 --- [           main] o.d.c.compiler.JavaDialectConfiguration  : Selected compiler ECLIPSE [drools.dialect.java.compiler:null, hasEclipseCompiler:true]
2025-06-13T11:35:47.401+08:00 DEBUG 9932 --- [           main] o.d.c.compiler.JavaDialectConfiguration  : Selected compiler ECLIPSE [drools.dialect.java.compiler:null, hasEclipseCompiler:true]
2025-06-13T11:35:47.479+08:00 DEBUG 9932 --- [           main] o.d.c.k.builder.impl.KieRepositoryImpl   : KieModule was added: MemoryKieModule[releaseId=org.default:artifact:1.0.0]
2025-06-13T11:35:47.497+08:00 DEBUG 9932 --- [           main] o.d.c.compiler.JavaDialectConfiguration  : Selected compiler ECLIPSE [drools.dialect.java.compiler:null, hasEclipseCompiler:true]
2025-06-13T11:35:47.497+08:00 DEBUG 9932 --- [           main] o.d.c.compiler.JavaDialectConfiguration  : Selected compiler ECLIPSE [drools.dialect.java.compiler:null, hasEclipseCompiler:true]
2025-06-13T11:35:47.573+08:00 DEBUG 9932 --- [           main] o.d.c.k.builder.impl.KieRepositoryImpl   : KieModule was added: MemoryKieModule[releaseId=org.default:artifact:1.0.0]
2025-06-13T11:35:48.084+08:00  INFO 9932 --- [           main] c.r.r.RuleengineApplicationTests         : Started RuleengineApplicationTests in 2.601 seconds (process running for 3.421)
]]></system-out>
  </testcase>
</testsuite>